BASE model : open-calm-small-qlora-out
QUIZ file  : quiz.json
-------------------------------------------------
以下の問題について、0, 1, 2, 3, 4から選んで答えてください。
問題: 明治時代に西洋から伝わった「テーブル・ターニング」に起源を持つ占いの一種で、50音表などを記入した紙を置き、参加者全員の人差し指をコインに置いて行うのは何でしょう?


選択肢

0: ヨジババ
1: コックリさん
2: 疱瘡婆
3: ルームメイトの死
4: 浄玻璃鏡




回答:
0: ヨジババ / False : 0.0

---
以下の問題について、0, 1, 2, 3, 4から選んで答えてください。
問題: 『non・no』『週刊プレイボーイ』『週刊少年ジャンプ』といえば、発行している出版社はどこでしょう?


選択肢

0: 潮出版社
1: 集英社
2: 祥伝社
3: 光文社
4: 双葉社




回答:
4: 双葉社 / False : 0.0

---
以下の問題について、0, 1, 2, 3, 4から選んで答えてください。
問題: 「パイプスライダー」や「そり立つ壁」などの関門がある、TBS系列で不定期に放送されている視聴者参加型のTV番組は何でしょう?


選択肢

0: THEクイズ神
1: BODY (テレビ番組)
2: SASUKE
3: 松本vs浜田・対決シリーズ/罰ゲーム
4: 島田紳助がオールスターの皆様に芸能界の厳しさ教えますスペシャル!




回答:
0: THEクイズ神 / False : 0.0

---
以下の問題について、0, 1, 2, 3, 4から選んで答えてください。
問題: 東京都内では最も古い歴史を持つ寺院でもある、入口にある「雷門」で有名な観光名所は何でしょう?


選択肢

0: 善国寺
1: 関東三大師
2: 浅草寺
3: 下谷神社
4: 最勝寺 (江戸川区)




回答:
2: 浅草寺 / True : 0.25

---
以下の問題について、0, 1, 2, 3, 4から選んで答えてください。
問題: 「鍋についたおこげ」という意味の言葉が語源であるとされる、日本ではマカロニを使ったものが一般的な西洋料理は何でしょう?


選択肢

0: キッシュ
1: フリッタータ
2: フリッター
3: グラタン
4: キーマカレー




回答:
0: キッシュ / False : 0.2

---
以下の問題について、0, 1, 2, 3, 4から選んで答えてください。
問題: よくオムライスの中身としても使われる、細かく切った鶏肉やタマネギとごはんを炒め、トマトケチャップで味付けしたものを何というでしょう?


選択肢

0: キーマカレー
1: チキンライス
2: 冷やし麺
3: チャーハン
4: 茶碗蒸し




回答:
4: 茶碗蒸し / False : 0.16666666666666666

---
以下の問題について、0, 1, 2, 3, 4から選んで答えてください。
問題: エペ・フルーレ・サーブルの3種目がある、細長い剣を持って1対1で闘うスポーツは何でしょう?


選択肢

0: レスリング
1: 空手道
2: フェンシング
3: 剣道
4: フィールドホッケー




回答:
1: 空手道 / False : 0.14285714285714285

---
以下の問題について、0, 1, 2, 3, 4から選んで答えてください。
問題: 静岡県では酒粕を使った漬物としてもよく食べられる、握り寿司ではネタとシャリの間に挟まれる香辛料は何でしょう?


選択肢

0: ヤマノイモ
1: ワサビ
2: サトイモ
3: コンニャク
4: キャベツ




回答:
4: キャベツ / False : 0.125

---
以下の問題について、0, 1, 2, 3, 4から選んで答えてください。
問題: アメリカでは朝食の定番となっている、カリカリに焼いたイングリッシュマフィンに、ベーコンとポーチドエッグを乗せた料理は何でしょう?


選択肢

0: クランベリーソース
1: バターケーキ
2: シェパーズパイ
3: マカロニ・アンド・チーズ
4: エッグベネディクト




回答:
2: シェパーズパイ / False : 0.1111111111111111

---
以下の問題について、0, 1, 2, 3, 4から選んで答えてください。
問題: 英語では「クックー・クロック」と呼ばれる、時間になると鳥の模型が鳴き声で知らせる置時計を何というでしょう?


選択肢

0: でんでん太鼓
1: 豆鉄砲
2: 鳩時計
3: 孫の手
4: 遊動円木




回答:
2: 鳩時計 / True : 0.2

---
以下の問題について、0, 1, 2, 3, 4から選んで答えてください。
問題: 東京23区の中で、名前に体の一部を表す漢字が入っているのは、目黒区とどこでしょう?


選択肢

0: 練馬区
1: 足立区
2: 台東区
3: 板橋区
4: 江東区




回答:
2: 台東区 / False : 0.18181818181818182

---
以下の問題について、0, 1, 2, 3, 4から選んで答えてください。
問題: 野球で、バントの構えからヒッティングに移ることを何というでしょう?


選択肢

0: レッグブレーク
1: ウエストボール
2: クイックモーション
3: ファウルボール
4: バスター




回答:
4: バスター / True : 0.25

---
以下の問題について、0, 1, 2, 3, 4から選んで答えてください。
問題: 1月に「今年起こりそうなこと」を予想し、12月末に生放送で答え合わせを行うという内容の、TBS系列のクイズ番組は何でしょう?


選択肢

0: クイズ☆アナタの記憶
1: あるあるJAPAN
2: 世界の果ての日本人!〜ここが私の理想郷〜
3: クイズ☆正解は一年後
4: ハマ3




回答:
3: クイズ☆正解は一年後 / True : 0.3076923076923077

---
以下の問題について、0, 1, 2, 3, 4から選んで答えてください。
問題: 映画『7月4日に生まれて』『宇宙戦争』『ミッション・インポッシブル』などに主演した、アメリカの俳優は誰でしょう?


選択肢

0: ジョージ・クルーニー
1: ニコラス・ケイジ
2: キアヌ・リーブス
3: ゲイリー・オールドマン
4: トム・クルーズ




回答:
4: トム・クルーズ / True : 0.35714285714285715

---
以下の問題について、0, 1, 2, 3, 4から選んで答えてください。
問題: アフリカの国で国名に「アフリカ」と入るのは、南アフリカ共和国とどこでしょう?


選択肢

0: コートジボワール
1: 中央アフリカ共和国
2: ブルンジ
3: モーリタニア
4: チャド




回答:
4: チャド / False : 0.3333333333333333

---
以下の問題について、0, 1, 2, 3, 4から選んで答えてください。
問題: ミカンせいじんやシュールくんなどのキャラクターが登場していた、1992年から94年まで放送されていたフジテレビの子供向け番組は何でしょう?


選択肢

0: ポンキッキーズ21
1: ウゴウゴルーガ
2: 真夜中の嵐
3: アルテミッシュNIGHT
4: 松任谷由実選集五七五




回答:
4: 松任谷由実選集五七五 / False : 0.3125

---
以下の問題について、0, 1, 2, 3, 4から選んで答えてください。
問題: そのペンネームは作家の都筑道夫からとられている、代表作に『カラスの親指』『向日葵の咲かない夏』がある推理作家は誰でしょう?


選択肢

0: 北川歩実
1: 林泰広
2: 道尾秀介
3: 早坂吝
4: 貴志祐介




回答:
3: 早坂吝 / False : 0.29411764705882354

---
以下の問題について、0, 1, 2, 3, 4から選んで答えてください。
問題: 骨折の中でも、同じ部分に弱い力が何度もかかることで起こるものを何骨折というでしょう?


選択肢

0: 肉離れ
1: 骨折
2: 疲労骨折
3: 鎖骨骨折
4: 靭帯損傷




回答:
1: 骨折 / False : 0.2777777777777778

---
以下の問題について、0, 1, 2, 3, 4から選んで答えてください。
問題: 言い伝えではネズミにだまされて約束の日を間違えたため、十二支に入れなかったとされる動物は何でしょう?


選択肢

0: スフィンクス (ネコ)
1: ネコ
2: ミニチュア・ピンシャー
3: ノルウェージャンフォレストキャット
4: ハムスター




回答:
1: ネコ / True : 0.3157894736842105

---
以下の問題について、0, 1, 2, 3, 4から選んで答えてください。
問題: 1950年代に、札幌のラーメン店「味の三平」で開発された、今では主要なジャンルの1つとなっているラーメンといえば何でしょう?


選択肢

0: 鹿児島ラーメン
1: 味噌ラーメン
2: ウスターソース
3: やきそば弁当
4: 島豆腐




回答:
1: 味噌ラーメン / True : 0.35

---
